-------------------------------------------------------------------------------
Test set: com.library.management.services.BookServiceImplTests
-------------------------------------------------------------------------------
Tests run: 15, Failures: 12, Errors: 3, Skipped: 0, Time elapsed: 0.697 s <<< FAILURE! -- in com.library.management.services.BookServiceImplTests
com.library.management.services.BookServiceImplTests.testIsIsbnExists -- Time elapsed: 0.040 s <<< FAILURE!
org.opentest4j.AssertionFailedError: expected: <true> but was: <false>
	at org.junit.jupiter.api.AssertionFailureBuilder.build(AssertionFailureBuilder.java:151)
	at org.junit.jupiter.api.AssertionFailureBuilder.buildAndThrow(AssertionFailureBuilder.java:132)
	at org.junit.jupiter.api.AssertTrue.failNotTrue(AssertTrue.java:63)
	at org.junit.jupiter.api.AssertTrue.assertTrue(AssertTrue.java:36)
	at org.junit.jupiter.api.AssertTrue.assertTrue(AssertTrue.java:31)
	at org.junit.jupiter.api.Assertions.assertTrue(Assertions.java:183)
	at com.library.management.services.BookServiceImplTests.testIsIsbnExists(BookServiceImplTests.java:131)
	at java.base/java.lang.reflect.Method.invoke(Method.java:580)
	at java.base/java.util.ArrayList.forEach(ArrayList.java:1596)
	at java.base/java.util.ArrayList.forEach(ArrayList.java:1596)

com.library.management.services.BookServiceImplTests.testDeleteAllBooks -- Time elapsed: 0.039 s <<< FAILURE!
Wanted but not invoked:
bookRepository.deleteAll();
-> at com.library.management.services.BookServiceImplTests.testDeleteAllBooks(BookServiceImplTests.java:207)
Actually, there were zero interactions with this mock.

	at com.library.management.services.BookServiceImplTests.testDeleteAllBooks(BookServiceImplTests.java:207)
	at java.base/java.lang.reflect.Method.invoke(Method.java:580)
	at java.base/java.util.ArrayList.forEach(ArrayList.java:1596)
	at java.base/java.util.ArrayList.forEach(ArrayList.java:1596)

com.library.management.services.BookServiceImplTests.testSaveBook -- Time elapsed: 0.017 s <<< ERROR!
java.lang.NullPointerException: Cannot invoke "com.library.management.model.entities.BookEntity.setBorrowed(java.lang.Boolean)" because "bookEntity" is null
	at com.library.management.services.impl.BookServiceImpl.save(BookServiceImpl.java:33)
	at com.library.management.services.BookServiceImplTests.testSaveBook(BookServiceImplTests.java:50)
	at java.base/java.lang.reflect.Method.invoke(Method.java:580)
	at java.base/java.util.ArrayList.forEach(ArrayList.java:1596)
	at java.base/java.util.ArrayList.forEach(ArrayList.java:1596)

com.library.management.services.BookServiceImplTests.testFindAllBooks -- Time elapsed: 0.038 s <<< FAILURE!
org.opentest4j.AssertionFailedError: expected: <[BookDto(id=null, title=The Shadow in the Attic, author=Sila Sea, publicationYear=2005, isbn=9781234567890, borrowed=false), BookDto(id=null, title=Beyond the Horizon, author=John Writer, publicationYear=2010, isbn=9782345678901, borrowed=false)]> but was: <[]>
	at org.junit.jupiter.api.AssertionFailureBuilder.build(AssertionFailureBuilder.java:151)
	at org.junit.jupiter.api.AssertionFailureBuilder.buildAndThrow(AssertionFailureBuilder.java:132)
	at org.junit.jupiter.api.AssertEquals.failNotEqual(AssertEquals.java:197)
	at org.junit.jupiter.api.AssertEquals.assertEquals(AssertEquals.java:182)
	at org.junit.jupiter.api.AssertEquals.assertEquals(AssertEquals.java:177)
	at org.junit.jupiter.api.Assertions.assertEquals(Assertions.java:1145)
	at com.library.management.services.BookServiceImplTests.testFindAllBooks(BookServiceImplTests.java:72)
	at java.base/java.lang.reflect.Method.invoke(Method.java:580)
	at java.base/java.util.ArrayList.forEach(ArrayList.java:1596)
	at java.base/java.util.ArrayList.forEach(ArrayList.java:1596)

com.library.management.services.BookServiceImplTests.testUpdateBook -- Time elapsed: 0.020 s <<< ERROR!
java.lang.RuntimeException: Book does not exist
	at com.library.management.services.impl.BookServiceImpl.updateBook(BookServiceImpl.java:73)
	at com.library.management.services.BookServiceImplTests.testUpdateBook(BookServiceImplTests.java:158)
	at java.base/java.lang.reflect.Method.invoke(Method.java:580)
	at java.base/java.util.ArrayList.forEach(ArrayList.java:1596)
	at java.base/java.util.ArrayList.forEach(ArrayList.java:1596)

com.library.management.services.BookServiceImplTests.testFindOneBookById -- Time elapsed: 0.014 s <<< FAILURE!
org.opentest4j.AssertionFailedError: expected: <true> but was: <false>
	at org.junit.jupiter.api.AssertionFailureBuilder.build(AssertionFailureBuilder.java:151)
	at org.junit.jupiter.api.AssertionFailureBuilder.buildAndThrow(AssertionFailureBuilder.java:132)
	at org.junit.jupiter.api.AssertTrue.failNotTrue(AssertTrue.java:63)
	at org.junit.jupiter.api.AssertTrue.assertTrue(AssertTrue.java:36)
	at org.junit.jupiter.api.AssertTrue.assertTrue(AssertTrue.java:31)
	at org.junit.jupiter.api.Assertions.assertTrue(Assertions.java:183)
	at com.library.management.services.BookServiceImplTests.testFindOneBookById(BookServiceImplTests.java:86)
	at java.base/java.lang.reflect.Method.invoke(Method.java:580)
	at java.base/java.util.ArrayList.forEach(ArrayList.java:1596)
	at java.base/java.util.ArrayList.forEach(ArrayList.java:1596)

com.library.management.services.BookServiceImplTests.testIsBookBorrowedTrue -- Time elapsed: 0.022 s <<< FAILURE!
org.opentest4j.AssertionFailedError: expected: <true> but was: <false>
	at org.junit.jupiter.api.AssertionFailureBuilder.build(AssertionFailureBuilder.java:151)
	at org.junit.jupiter.api.AssertionFailureBuilder.buildAndThrow(AssertionFailureBuilder.java:132)
	at org.junit.jupiter.api.AssertTrue.failNotTrue(AssertTrue.java:63)
	at org.junit.jupiter.api.AssertTrue.assertTrue(AssertTrue.java:36)
	at org.junit.jupiter.api.AssertTrue.assertTrue(AssertTrue.java:31)
	at org.junit.jupiter.api.Assertions.assertTrue(Assertions.java:183)
	at com.library.management.services.BookServiceImplTests.testIsBookBorrowedTrue(BookServiceImplTests.java:219)
	at java.base/java.lang.reflect.Method.invoke(Method.java:580)
	at java.base/java.util.ArrayList.forEach(ArrayList.java:1596)
	at java.base/java.util.ArrayList.forEach(ArrayList.java:1596)

com.library.management.services.BookServiceImplTests.testDeleteBookNotFound -- Time elapsed: 0.020 s <<< FAILURE!
Wanted but not invoked:
bookRepository.existsById(1L);
-> at com.library.management.services.BookServiceImplTests.testDeleteBookNotFound(BookServiceImplTests.java:199)
Actually, there were zero interactions with this mock.

	at com.library.management.services.BookServiceImplTests.testDeleteBookNotFound(BookServiceImplTests.java:199)
	at java.base/java.lang.reflect.Method.invoke(Method.java:580)
	at java.base/java.util.ArrayList.forEach(ArrayList.java:1596)
	at java.base/java.util.ArrayList.forEach(ArrayList.java:1596)

com.library.management.services.BookServiceImplTests.testUpdateBookNotFound -- Time elapsed: 0.017 s <<< FAILURE!
Wanted but not invoked:
bookRepository.existsById(1L);
-> at com.library.management.services.BookServiceImplTests.testUpdateBookNotFound(BookServiceImplTests.java:176)
Actually, there were zero interactions with this mock.

	at com.library.management.services.BookServiceImplTests.testUpdateBookNotFound(BookServiceImplTests.java:176)
	at java.base/java.lang.reflect.Method.invoke(Method.java:580)
	at java.base/java.util.ArrayList.forEach(ArrayList.java:1596)
	at java.base/java.util.ArrayList.forEach(ArrayList.java:1596)

com.library.management.services.BookServiceImplTests.testIsBookExists -- Time elapsed: 0.015 s <<< FAILURE!
org.opentest4j.AssertionFailedError: expected: <true> but was: <false>
	at org.junit.jupiter.api.AssertionFailureBuilder.build(AssertionFailureBuilder.java:151)
	at org.junit.jupiter.api.AssertionFailureBuilder.buildAndThrow(AssertionFailureBuilder.java:132)
	at org.junit.jupiter.api.AssertTrue.failNotTrue(AssertTrue.java:63)
	at org.junit.jupiter.api.AssertTrue.assertTrue(AssertTrue.java:36)
	at org.junit.jupiter.api.AssertTrue.assertTrue(AssertTrue.java:31)
	at org.junit.jupiter.api.Assertions.assertTrue(Assertions.java:183)
	at com.library.management.services.BookServiceImplTests.testIsBookExists(BookServiceImplTests.java:109)
	at java.base/java.lang.reflect.Method.invoke(Method.java:580)
	at java.base/java.util.ArrayList.forEach(ArrayList.java:1596)
	at java.base/java.util.ArrayList.forEach(ArrayList.java:1596)

com.library.management.services.BookServiceImplTests.testDeleteBook -- Time elapsed: 0.014 s <<< ERROR!
java.lang.RuntimeException: Book does not exist
	at com.library.management.services.impl.BookServiceImpl.delete(BookServiceImpl.java:85)
	at com.library.management.services.BookServiceImplTests.testDeleteBook(BookServiceImplTests.java:185)
	at java.base/java.lang.reflect.Method.invoke(Method.java:580)
	at java.base/java.util.ArrayList.forEach(ArrayList.java:1596)
	at java.base/java.util.ArrayList.forEach(ArrayList.java:1596)

com.library.management.services.BookServiceImplTests.testIsBookBorrowedFalse -- Time elapsed: 0.012 s <<< FAILURE!
Wanted but not invoked:
bookRepository.findById(1L);
-> at com.library.management.services.BookServiceImplTests.testIsBookBorrowedFalse(BookServiceImplTests.java:233)
Actually, there were zero interactions with this mock.

	at com.library.management.services.BookServiceImplTests.testIsBookBorrowedFalse(BookServiceImplTests.java:233)
	at java.base/java.lang.reflect.Method.invoke(Method.java:580)
	at java.base/java.util.ArrayList.forEach(ArrayList.java:1596)
	at java.base/java.util.ArrayList.forEach(ArrayList.java:1596)

com.library.management.services.BookServiceImplTests.testIsIsbnNotExists -- Time elapsed: 0.011 s <<< FAILURE!
Wanted but not invoked:
bookRepository.findByIsbn("123456789");
-> at com.library.management.services.BookServiceImplTests.testIsIsbnNotExists(BookServiceImplTests.java:143)
Actually, there were zero interactions with this mock.

	at com.library.management.services.BookServiceImplTests.testIsIsbnNotExists(BookServiceImplTests.java:143)
	at java.base/java.lang.reflect.Method.invoke(Method.java:580)
	at java.base/java.util.ArrayList.forEach(ArrayList.java:1596)
	at java.base/java.util.ArrayList.forEach(ArrayList.java:1596)

com.library.management.services.BookServiceImplTests.testFindOneBookByIdNotFound -- Time elapsed: 0.012 s <<< FAILURE!
Wanted but not invoked:
bookRepository.findById(1L);
-> at com.library.management.services.BookServiceImplTests.testFindOneBookByIdNotFound(BookServiceImplTests.java:99)
Actually, there were zero interactions with this mock.

	at com.library.management.services.BookServiceImplTests.testFindOneBookByIdNotFound(BookServiceImplTests.java:99)
	at java.base/java.lang.reflect.Method.invoke(Method.java:580)
	at java.base/java.util.ArrayList.forEach(ArrayList.java:1596)
	at java.base/java.util.ArrayList.forEach(ArrayList.java:1596)

com.library.management.services.BookServiceImplTests.testIsBookNotExists -- Time elapsed: 0.014 s <<< FAILURE!
Wanted but not invoked:
bookRepository.existsById(1L);
-> at com.library.management.services.BookServiceImplTests.testIsBookNotExists(BookServiceImplTests.java:121)
Actually, there were zero interactions with this mock.

	at com.library.management.services.BookServiceImplTests.testIsBookNotExists(BookServiceImplTests.java:121)
	at java.base/java.lang.reflect.Method.invoke(Method.java:580)
	at java.base/java.util.ArrayList.forEach(ArrayList.java:1596)
	at java.base/java.util.ArrayList.forEach(ArrayList.java:1596)

