<?xml version="1.0" encoding="UTF-8"?>
<testsuite xmlns:xsi="http://www.w3.org/2001/XMLSchema-instance" xsi:noNamespaceSchemaLocation="https://maven.apache.org/surefire/maven-surefire-plugin/xsd/surefire-test-report-3.0.xsd" version="3.0" name="com.library.management.controllers.PatronControllerIntegrationTests" time="28.097" tests="12" errors="0" skipped="0" failures="0">
  <properties>
[...]
</properties>
  <testcase name="testThatCreatePatronSuccessfullyReturnsHttp201Created" classname="com.library.management.controllers.PatronControllerIntegrationTests" time="0.068">
    <system-out><![CDATA[2024-05-16T03:41:34.792+01:00  INFO 31379 --- [library-management-system] [           main] t.c.s.AnnotationConfigContextLoaderUtils : Could not detect default configuration classes for test class [com.library.management.controllers.PatronControllerIntegrationTests]: PatronControllerIntegrationTests does not declare any static, non-private, non-final, nested classes annotated with @Configuration.
2024-05-16T03:41:34.796+01:00  INFO 31379 --- [library-management-system] [           main] .b.t.c.SpringBootTestContextBootstrapper : Found @SpringBootConfiguration com.library.management.LibraryManagementSystemApplication for test class com.library.management.controllers.PatronControllerIntegrationTests

  .   ____          _            __ _ _
 /\\ / ___'_ __ _ _(_)_ __  __ _ \ \ \ \
( ( )\___ | '_ | '_| | '_ \/ _` | \ \ \ \
 \\/  ___)| |_)| | | | | || (_| |  ) ) ) )
  '  |____| .__|_| |_|_| |_\__, | / / / /
 =========|_|==============|___/=/_/_/_/
 :: Spring Boot ::                (v3.2.1)

2024-05-16T03:41:34.827+01:00  INFO 31379 --- [library-management-system] [           main] c.l.m.c.PatronControllerIntegrationTests : Starting PatronControllerIntegrationTests using Java 21.0.1 with PID 31379 (started by deca in /Users/deca/Desktop/library-management-system)
2024-05-16T03:41:34.828+01:00  INFO 31379 --- [library-management-system] [           main] c.l.m.c.PatronControllerIntegrationTests : No active profile set, falling back to 1 default profile: "default"
2024-05-16T03:41:35.054+01:00  INFO 31379 --- [library-management-system] [           main] .s.d.r.c.RepositoryConfigurationDelegate : Bootstrapping Spring Data JPA repositories in DEFAULT mode.
2024-05-16T03:41:35.067+01:00  INFO 31379 --- [library-management-system] [           main] .s.d.r.c.RepositoryConfigurationDelegate : Finished Spring Data repository scanning in 12 ms. Found 3 JPA repository interfaces.
2024-05-16T03:41:35.326+01:00  INFO 31379 --- [library-management-system] [           main] o.hibernate.jpa.internal.util.LogHelper  : HHH000204: Processing PersistenceUnitInfo [name: default]
2024-05-16T03:41:35.330+01:00  INFO 31379 --- [library-management-system] [           main] o.h.c.internal.RegionFactoryInitiator    : HHH000026: Second-level cache disabled
2024-05-16T03:41:35.335+01:00  INFO 31379 --- [library-management-system] [           main] o.s.o.j.p.SpringPersistenceUnitInfo      : No LoadTimeWeaver setup: ignoring JPA class transformer
2024-05-16T03:41:35.336+01:00  INFO 31379 --- [library-management-system] [           main] com.zaxxer.hikari.HikariDataSource       : HikariPool-34 - Starting...
2024-05-16T03:41:35.451+01:00  INFO 31379 --- [library-management-system] [           main] com.zaxxer.hikari.pool.HikariPool        : HikariPool-34 - Added connection com.mysql.cj.jdbc.ConnectionImpl@6b75f6c
2024-05-16T03:41:35.451+01:00  INFO 31379 --- [library-management-system] [           main] com.zaxxer.hikari.HikariDataSource       : HikariPool-34 - Start completed.
2024-05-16T03:41:35.453+01:00  WARN 31379 --- [library-management-system] [           main] org.hibernate.dialect.Dialect            : HHH000511: The 5.5.0 version for [org.hibernate.dialect.MySQLDialect] is no longer supported, hence certain features may not work properly. The minimum supported version is 8.0.0. Check the community dialects project for available legacy versions.
2024-05-16T03:41:35.453+01:00  WARN 31379 --- [library-management-system] [           main] org.hibernate.orm.deprecation            : HHH90000025: MySQLDialect does not need to be specified explicitly using 'hibernate.dialect' (remove the property setting and it will be selected by default)
2024-05-16T03:41:35.580+01:00  INFO 31379 --- [library-management-system] [           main] o.h.e.t.j.p.i.JtaPlatformInitiator       : HHH000489: No JTA platform available (set 'hibernate.transaction.jta.platform' to enable JTA platform integration)
2024-05-16T03:41:35.718+01:00  INFO 31379 --- [library-management-system] [           main] j.LocalContainerEntityManagerFactoryBean : Initialized JPA EntityManagerFactory for persistence unit 'default'
2024-05-16T03:41:36.509+01:00  WARN 31379 --- [library-management-system] [           main] JpaBaseConfiguration$JpaWebConfiguration : spring.jpa.open-in-view is enabled by default. Therefore, database queries may be performed during view rendering. Explicitly configure spring.jpa.open-in-view to disable this warning
2024-05-16T03:41:37.543+01:00  INFO 31379 --- [library-management-system] [           main] o.s.b.t.m.w.SpringBootMockServletContext : Initializing Spring TestDispatcherServlet ''
2024-05-16T03:41:37.543+01:00  INFO 31379 --- [library-management-system] [           main] o.s.t.web.servlet.TestDispatcherServlet  : Initializing Servlet ''
2024-05-16T03:41:37.544+01:00  INFO 31379 --- [library-management-system] [           main] o.s.t.web.servlet.TestDispatcherServlet  : Completed initialization in 1 ms
2024-05-16T03:41:37.559+01:00  INFO 31379 --- [library-management-system] [           main] c.l.m.c.PatronControllerIntegrationTests : Started PatronControllerIntegrationTests in 2.757 seconds (process running for 99.223)
Hibernate: select pe1_0.id,pe1_0.contact_information,pe1_0.name from patrons pe1_0
deleteAll service method executed. And returned: null
Execution time: 0ms
Hibernate: select bre1_0.id,bre1_0.book_id,bre1_0.borrowing_date,bre1_0.patron_id,bre1_0.return_date from borrowing_records bre1_0
Hibernate: select be1_0.id,be1_0.author,be1_0.borrowed,be1_0.isbn,be1_0.publication_year,be1_0.title from books be1_0 where be1_0.id=?
deleteAll service method executed. And returned: null
Execution time: 0ms
Hibernate: select next_val as id_val from patron_id_seq for update
Hibernate: update patron_id_seq set next_val= ? where next_val=?
save service method executed. And returned: PatronDto(id=2802, name=John Doe, contactInformation=john.doe@example.com)
Execution time: 0ms
createPatron controller method executed!
Execution time: 0ms
2024-05-16T03:41:37.633+01:00  INFO 31379 --- [library-management-system] [           main] j.LocalContainerEntityManagerFactoryBean : Closing JPA EntityManagerFactory for persistence unit 'default'
2024-05-16T03:41:37.634+01:00  INFO 31379 --- [library-management-system] [           main] com.zaxxer.hikari.HikariDataSource       : HikariPool-34 - Shutdown initiated...
2024-05-16T03:41:37.636+01:00  INFO 31379 --- [library-management-system] [           main] com.zaxxer.hikari.HikariDataSource       : HikariPool-34 - Shutdown completed.
]]></system-out>
  </testcase>
  <testcase name="testThatGetPatronReturnsHttpStatus404WhenNoPatronExists" classname="com.library.management.controllers.PatronControllerIntegrationTests" time="0.034">
    <system-out><![CDATA[
  .   ____          _            __ _ _
 /\\ / ___'_ __ _ _(_)_ __  __ _ \ \ \ \
( ( )\___ | '_ | '_| | '_ \/ _` | \ \ \ \
 \\/  ___)| |_)| | | | | || (_| |  ) ) ) )
  '  |____| .__|_| |_|_| |_\__, | / / / /
 =========|_|==============|___/=/_/_/_/
 :: Spring Boot ::                (v3.2.1)

2024-05-16T03:41:37.663+01:00  INFO 31379 --- [library-management-system] [           main] c.l.m.c.PatronControllerIntegrationTests : Starting PatronControllerIntegrationTests using Java 21.0.1 with PID 31379 (started by deca in /Users/deca/Desktop/library-management-system)
2024-05-16T03:41:37.664+01:00  INFO 31379 --- [library-management-system] [           main] c.l.m.c.PatronControllerIntegrationTests : No active profile set, falling back to 1 default profile: "default"
2024-05-16T03:41:37.985+01:00  INFO 31379 --- [library-management-system] [           main] .s.d.r.c.RepositoryConfigurationDelegate : Bootstrapping Spring Data JPA repositories in DEFAULT mode.
2024-05-16T03:41:38.005+01:00  INFO 31379 --- [library-management-system] [           main] .s.d.r.c.RepositoryConfigurationDelegate : Finished Spring Data repository scanning in 20 ms. Found 3 JPA repository interfaces.
2024-05-16T03:41:38.199+01:00  INFO 31379 --- [library-management-system] [           main] o.hibernate.jpa.internal.util.LogHelper  : HHH000204: Processing PersistenceUnitInfo [name: default]
2024-05-16T03:41:38.201+01:00  INFO 31379 --- [library-management-system] [           main] o.h.c.internal.RegionFactoryInitiator    : HHH000026: Second-level cache disabled
2024-05-16T03:41:38.204+01:00  INFO 31379 --- [library-management-system] [           main] o.s.o.j.p.SpringPersistenceUnitInfo      : No LoadTimeWeaver setup: ignoring JPA class transformer
2024-05-16T03:41:38.205+01:00  INFO 31379 --- [library-management-system] [           main] com.zaxxer.hikari.HikariDataSource       : HikariPool-35 - Starting...
2024-05-16T03:41:38.223+01:00  INFO 31379 --- [library-management-system] [           main] com.zaxxer.hikari.pool.HikariPool        : HikariPool-35 - Added connection com.mysql.cj.jdbc.ConnectionImpl@3a13a19a
2024-05-16T03:41:38.223+01:00  INFO 31379 --- [library-management-system] [           main] com.zaxxer.hikari.HikariDataSource       : HikariPool-35 - Start completed.
2024-05-16T03:41:38.225+01:00  WARN 31379 --- [library-management-system] [           main] org.hibernate.dialect.Dialect            : HHH000511: The 5.5.0 version for [org.hibernate.dialect.MySQLDialect] is no longer supported, hence certain features may not work properly. The minimum supported version is 8.0.0. Check the community dialects project for available legacy versions.
2024-05-16T03:41:38.225+01:00  WARN 31379 --- [library-management-system] [           main] org.hibernate.orm.deprecation            : HHH90000025: MySQLDialect does not need to be specified explicitly using 'hibernate.dialect' (remove the property setting and it will be selected by default)
2024-05-16T03:41:38.325+01:00  INFO 31379 --- [library-management-system] [           main] o.h.e.t.j.p.i.JtaPlatformInitiator       : HHH000489: No JTA platform available (set 'hibernate.transaction.jta.platform' to enable JTA platform integration)
2024-05-16T03:41:38.393+01:00  INFO 31379 --- [library-management-system] [           main] j.LocalContainerEntityManagerFactoryBean : Initialized JPA EntityManagerFactory for persistence unit 'default'
2024-05-16T03:41:39.257+01:00  WARN 31379 --- [library-management-system] [           main] JpaBaseConfiguration$JpaWebConfiguration : spring.jpa.open-in-view is enabled by default. Therefore, database queries may be performed during view rendering. Explicitly configure spring.jpa.open-in-view to disable this warning
2024-05-16T03:41:40.357+01:00  INFO 31379 --- [library-management-system] [           main] o.s.b.t.m.w.SpringBootMockServletContext : Initializing Spring TestDispatcherServlet ''
2024-05-16T03:41:40.358+01:00  INFO 31379 --- [library-management-system] [           main] o.s.t.web.servlet.TestDispatcherServlet  : Initializing Servlet ''
2024-05-16T03:41:40.358+01:00  INFO 31379 --- [library-management-system] [           main] o.s.t.web.servlet.TestDispatcherServlet  : Completed initialization in 0 ms
2024-05-16T03:41:40.374+01:00  INFO 31379 --- [library-management-system] [           main] c.l.m.c.PatronControllerIntegrationTests : Started PatronControllerIntegrationTests in 2.734 seconds (process running for 102.038)
Hibernate: select pe1_0.id,pe1_0.contact_information,pe1_0.name from patrons pe1_0
deleteAll service method executed. And returned: null
Execution time: 0ms
Hibernate: select bre1_0.id,bre1_0.book_id,bre1_0.borrowing_date,bre1_0.patron_id,bre1_0.return_date from borrowing_records bre1_0
Hibernate: select be1_0.id,be1_0.author,be1_0.borrowed,be1_0.isbn,be1_0.publication_year,be1_0.title from books be1_0 where be1_0.id=?
deleteAll service method executed. And returned: null
Execution time: 0ms
Hibernate: select pe1_0.id,pe1_0.contact_information,pe1_0.name from patrons pe1_0 where pe1_0.id=?
findOne service method executed. And returned: Optional.empty
Execution time: 0ms
getPatronById controller method executed!
Execution time: 0ms
2024-05-16T03:41:40.408+01:00  INFO 31379 --- [library-management-system] [           main] j.LocalContainerEntityManagerFactoryBean : Closing JPA EntityManagerFactory for persistence unit 'default'
2024-05-16T03:41:40.409+01:00  INFO 31379 --- [library-management-system] [           main] com.zaxxer.hikari.HikariDataSource       : HikariPool-35 - Shutdown initiated...
2024-05-16T03:41:40.410+01:00  INFO 31379 --- [library-management-system] [           main] com.zaxxer.hikari.HikariDataSource       : HikariPool-35 - Shutdown completed.
]]></system-out>
  </testcase>
  <testcase name="testThatGetPatronReturnsHttpStatus200WhenPatronExists" classname="com.library.management.controllers.PatronControllerIntegrationTests" time="0.04">
    <system-out><![CDATA[
  .   ____          _            __ _ _
 /\\ / ___'_ __ _ _(_)_ __  __ _ \ \ \ \
( ( )\___ | '_ | '_| | '_ \/ _` | \ \ \ \
 \\/  ___)| |_)| | | | | || (_| |  ) ) ) )
  '  |____| .__|_| |_|_| |_\__, | / / / /
 =========|_|==============|___/=/_/_/_/
 :: Spring Boot ::                (v3.2.1)

2024-05-16T03:41:40.434+01:00  INFO 31379 --- [library-management-system] [           main] c.l.m.c.PatronControllerIntegrationTests : Starting PatronControllerIntegrationTests using Java 21.0.1 with PID 31379 (started by deca in /Users/deca/Desktop/library-management-system)
2024-05-16T03:41:40.435+01:00  INFO 31379 --- [library-management-system] [           main] c.l.m.c.PatronControllerIntegrationTests : No active profile set, falling back to 1 default profile: "default"
2024-05-16T03:41:40.771+01:00  INFO 31379 --- [library-management-system] [           main] .s.d.r.c.RepositoryConfigurationDelegate : Bootstrapping Spring Data JPA repositories in DEFAULT mode.
2024-05-16T03:41:40.794+01:00  INFO 31379 --- [library-management-system] [           main] .s.d.r.c.RepositoryConfigurationDelegate : Finished Spring Data repository scanning in 22 ms. Found 3 JPA repository interfaces.
2024-05-16T03:41:40.957+01:00  INFO 31379 --- [library-management-system] [           main] o.hibernate.jpa.internal.util.LogHelper  : HHH000204: Processing PersistenceUnitInfo [name: default]
2024-05-16T03:41:40.960+01:00  INFO 31379 --- [library-management-system] [           main] o.h.c.internal.RegionFactoryInitiator    : HHH000026: Second-level cache disabled
2024-05-16T03:41:40.962+01:00  INFO 31379 --- [library-management-system] [           main] o.s.o.j.p.SpringPersistenceUnitInfo      : No LoadTimeWeaver setup: ignoring JPA class transformer
2024-05-16T03:41:40.962+01:00  INFO 31379 --- [library-management-system] [           main] com.zaxxer.hikari.HikariDataSource       : HikariPool-36 - Starting...
2024-05-16T03:41:40.970+01:00  INFO 31379 --- [library-management-system] [           main] com.zaxxer.hikari.pool.HikariPool        : HikariPool-36 - Added connection com.mysql.cj.jdbc.ConnectionImpl@574f31ac
2024-05-16T03:41:40.970+01:00  INFO 31379 --- [library-management-system] [           main] com.zaxxer.hikari.HikariDataSource       : HikariPool-36 - Start completed.
2024-05-16T03:41:40.972+01:00  WARN 31379 --- [library-management-system] [           main] org.hibernate.dialect.Dialect            : HHH000511: The 5.5.0 version for [org.hibernate.dialect.MySQLDialect] is no longer supported, hence certain features may not work properly. The minimum supported version is 8.0.0. Check the community dialects project for available legacy versions.
2024-05-16T03:41:40.972+01:00  WARN 31379 --- [library-management-system] [           main] org.hibernate.orm.deprecation            : HHH90000025: MySQLDialect does not need to be specified explicitly using 'hibernate.dialect' (remove the property setting and it will be selected by default)
2024-05-16T03:41:41.101+01:00  INFO 31379 --- [library-management-system] [           main] o.h.e.t.j.p.i.JtaPlatformInitiator       : HHH000489: No JTA platform available (set 'hibernate.transaction.jta.platform' to enable JTA platform integration)
2024-05-16T03:41:41.209+01:00  INFO 31379 --- [library-management-system] [           main] j.LocalContainerEntityManagerFactoryBean : Initialized JPA EntityManagerFactory for persistence unit 'default'
2024-05-16T03:41:41.973+01:00  WARN 31379 --- [library-management-system] [           main] JpaBaseConfiguration$JpaWebConfiguration : spring.jpa.open-in-view is enabled by default. Therefore, database queries may be performed during view rendering. Explicitly configure spring.jpa.open-in-view to disable this warning
2024-05-16T03:41:42.978+01:00  INFO 31379 --- [library-management-system] [           main] o.s.b.t.m.w.SpringBootMockServletContext : Initializing Spring TestDispatcherServlet ''
2024-05-16T03:41:42.979+01:00  INFO 31379 --- [library-management-system] [           main] o.s.t.web.servlet.TestDispatcherServlet  : Initializing Servlet ''
2024-05-16T03:41:42.981+01:00  INFO 31379 --- [library-management-system] [           main] o.s.t.web.servlet.TestDispatcherServlet  : Completed initialization in 2 ms
2024-05-16T03:41:42.994+01:00  INFO 31379 --- [library-management-system] [           main] c.l.m.c.PatronControllerIntegrationTests : Started PatronControllerIntegrationTests in 2.58 seconds (process running for 104.658)
Hibernate: select pe1_0.id,pe1_0.contact_information,pe1_0.name from patrons pe1_0
deleteAll service method executed. And returned: null
Execution time: 0ms
Hibernate: select bre1_0.id,bre1_0.book_id,bre1_0.borrowing_date,bre1_0.patron_id,bre1_0.return_date from borrowing_records bre1_0
Hibernate: select be1_0.id,be1_0.author,be1_0.borrowed,be1_0.isbn,be1_0.publication_year,be1_0.title from books be1_0 where be1_0.id=?
deleteAll service method executed. And returned: null
Execution time: 0ms
Hibernate: select next_val as id_val from patron_id_seq for update
Hibernate: update patron_id_seq set next_val= ? where next_val=?
save service method executed. And returned: PatronDto(id=2852, name=John Doe, contactInformation=john.doe@example.com)
Execution time: 0ms
findOne service method executed. And returned: Optional[PatronDto(id=2852, name=John Doe, contactInformation=john.doe@example.com)]
Execution time: 0ms
getPatronById controller method executed!
Execution time: 0ms
2024-05-16T03:41:43.036+01:00  INFO 31379 --- [library-management-system] [           main] j.LocalContainerEntityManagerFactoryBean : Closing JPA EntityManagerFactory for persistence unit 'default'
2024-05-16T03:41:43.037+01:00  INFO 31379 --- [library-management-system] [           main] com.zaxxer.hikari.HikariDataSource       : HikariPool-36 - Shutdown initiated...
2024-05-16T03:41:43.040+01:00  INFO 31379 --- [library-management-system] [           main] com.zaxxer.hikari.HikariDataSource       : HikariPool-36 - Shutdown completed.
]]></system-out>
  </testcase>
  <testcase name="testThatCreatePatronSuccessfullyReturnsSavedPatron" classname="com.library.management.controllers.PatronControllerIntegrationTests" time="0.039">
    <system-out><![CDATA[
  .   ____          _            __ _ _
 /\\ / ___'_ __ _ _(_)_ __  __ _ \ \ \ \
( ( )\___ | '_ | '_| | '_ \/ _` | \ \ \ \
 \\/  ___)| |_)| | | | | || (_| |  ) ) ) )
  '  |____| .__|_| |_|_| |_\__, | / / / /
 =========|_|==============|___/=/_/_/_/
 :: Spring Boot ::                (v3.2.1)

2024-05-16T03:41:43.061+01:00  INFO 31379 --- [library-management-system] [           main] c.l.m.c.PatronControllerIntegrationTests : Starting PatronControllerIntegrationTests using Java 21.0.1 with PID 31379 (started by deca in /Users/deca/Desktop/library-management-system)
2024-05-16T03:41:43.061+01:00  INFO 31379 --- [library-management-system] [           main] c.l.m.c.PatronControllerIntegrationTests : No active profile set, falling back to 1 default profile: "default"
2024-05-16T03:41:43.528+01:00  INFO 31379 --- [library-management-system] [           main] .s.d.r.c.RepositoryConfigurationDelegate : Bootstrapping Spring Data JPA repositories in DEFAULT mode.
2024-05-16T03:41:43.551+01:00  INFO 31379 --- [library-management-system] [           main] .s.d.r.c.RepositoryConfigurationDelegate : Finished Spring Data repository scanning in 22 ms. Found 3 JPA repository interfaces.
2024-05-16T03:41:43.856+01:00  INFO 31379 --- [library-management-system] [           main] o.hibernate.jpa.internal.util.LogHelper  : HHH000204: Processing PersistenceUnitInfo [name: default]
2024-05-16T03:41:43.858+01:00  INFO 31379 --- [library-management-system] [           main] o.h.c.internal.RegionFactoryInitiator    : HHH000026: Second-level cache disabled
2024-05-16T03:41:43.860+01:00  INFO 31379 --- [library-management-system] [           main] o.s.o.j.p.SpringPersistenceUnitInfo      : No LoadTimeWeaver setup: ignoring JPA class transformer
2024-05-16T03:41:43.861+01:00  INFO 31379 --- [library-management-system] [           main] com.zaxxer.hikari.HikariDataSource       : HikariPool-37 - Starting...
2024-05-16T03:41:43.869+01:00  INFO 31379 --- [library-management-system] [           main] com.zaxxer.hikari.pool.HikariPool        : HikariPool-37 - Added connection com.mysql.cj.jdbc.ConnectionImpl@6c24614
2024-05-16T03:41:43.870+01:00  INFO 31379 --- [library-management-system] [           main] com.zaxxer.hikari.HikariDataSource       : HikariPool-37 - Start completed.
2024-05-16T03:41:43.871+01:00  WARN 31379 --- [library-management-system] [           main] org.hibernate.dialect.Dialect            : HHH000511: The 5.5.0 version for [org.hibernate.dialect.MySQLDialect] is no longer supported, hence certain features may not work properly. The minimum supported version is 8.0.0. Check the community dialects project for available legacy versions.
2024-05-16T03:41:43.871+01:00  WARN 31379 --- [library-management-system] [           main] org.hibernate.orm.deprecation            : HHH90000025: MySQLDialect does not need to be specified explicitly using 'hibernate.dialect' (remove the property setting and it will be selected by default)
2024-05-16T03:41:43.965+01:00  INFO 31379 --- [library-management-system] [           main] o.h.e.t.j.p.i.JtaPlatformInitiator       : HHH000489: No JTA platform available (set 'hibernate.transaction.jta.platform' to enable JTA platform integration)
2024-05-16T03:41:44.009+01:00  INFO 31379 --- [library-management-system] [           main] j.LocalContainerEntityManagerFactoryBean : Initialized JPA EntityManagerFactory for persistence unit 'default'
2024-05-16T03:41:44.695+01:00  WARN 31379 --- [library-management-system] [           main] JpaBaseConfiguration$JpaWebConfiguration : spring.jpa.open-in-view is enabled by default. Therefore, database queries may be performed during view rendering. Explicitly configure spring.jpa.open-in-view to disable this warning
2024-05-16T03:41:45.353+01:00  INFO 31379 --- [library-management-system] [           main] o.s.b.t.m.w.SpringBootMockServletContext : Initializing Spring TestDispatcherServlet ''
2024-05-16T03:41:45.353+01:00  INFO 31379 --- [library-management-system] [           main] o.s.t.web.servlet.TestDispatcherServlet  : Initializing Servlet ''
2024-05-16T03:41:45.354+01:00  INFO 31379 --- [library-management-system] [           main] o.s.t.web.servlet.TestDispatcherServlet  : Completed initialization in 1 ms
2024-05-16T03:41:45.362+01:00  INFO 31379 --- [library-management-system] [           main] c.l.m.c.PatronControllerIntegrationTests : Started PatronControllerIntegrationTests in 2.32 seconds (process running for 107.026)
Hibernate: select pe1_0.id,pe1_0.contact_information,pe1_0.name from patrons pe1_0
deleteAll service method executed. And returned: null
Execution time: 0ms
Hibernate: select bre1_0.id,bre1_0.book_id,bre1_0.borrowing_date,bre1_0.patron_id,bre1_0.return_date from borrowing_records bre1_0
Hibernate: select be1_0.id,be1_0.author,be1_0.borrowed,be1_0.isbn,be1_0.publication_year,be1_0.title from books be1_0 where be1_0.id=?
deleteAll service method executed. And returned: null
Execution time: 0ms
Hibernate: select next_val as id_val from patron_id_seq for update
Hibernate: update patron_id_seq set next_val= ? where next_val=?
save service method executed. And returned: PatronDto(id=2902, name=John Doe, contactInformation=john.doe@example.com)
Execution time: 0ms
createPatron controller method executed!
Execution time: 0ms
2024-05-16T03:41:45.403+01:00  INFO 31379 --- [library-management-system] [           main] j.LocalContainerEntityManagerFactoryBean : Closing JPA EntityManagerFactory for persistence unit 'default'
2024-05-16T03:41:45.404+01:00  INFO 31379 --- [library-management-system] [           main] com.zaxxer.hikari.HikariDataSource       : HikariPool-37 - Shutdown initiated...
2024-05-16T03:41:45.406+01:00  INFO 31379 --- [library-management-system] [           main] com.zaxxer.hikari.HikariDataSource       : HikariPool-37 - Shutdown completed.
]]></system-out>
  </testcase>
  <testcase name="testThatUpdatePatronUpdatesExistingPatron" classname="com.library.management.controllers.PatronControllerIntegrationTests" time="0.072">
    <system-out><![CDATA[
  .   ____          _            __ _ _
 /\\ / ___'_ __ _ _(_)_ __  __ _ \ \ \ \
( ( )\___ | '_ | '_| | '_ \/ _` | \ \ \ \
 \\/  ___)| |_)| | | | | || (_| |  ) ) ) )
  '  |____| .__|_| |_|_| |_\__, | / / / /
 =========|_|==============|___/=/_/_/_/
 :: Spring Boot ::                (v3.2.1)

2024-05-16T03:41:45.423+01:00  INFO 31379 --- [library-management-system] [           main] c.l.m.c.PatronControllerIntegrationTests : Starting PatronControllerIntegrationTests using Java 21.0.1 with PID 31379 (started by deca in /Users/deca/Desktop/library-management-system)
2024-05-16T03:41:45.424+01:00  INFO 31379 --- [library-management-system] [           main] c.l.m.c.PatronControllerIntegrationTests : No active profile set, falling back to 1 default profile: "default"
2024-05-16T03:41:45.844+01:00  INFO 31379 --- [library-management-system] [           main] .s.d.r.c.RepositoryConfigurationDelegate : Bootstrapping Spring Data JPA repositories in DEFAULT mode.
2024-05-16T03:41:45.862+01:00  INFO 31379 --- [library-management-system] [           main] .s.d.r.c.RepositoryConfigurationDelegate : Finished Spring Data repository scanning in 17 ms. Found 3 JPA repository interfaces.
2024-05-16T03:41:46.005+01:00  INFO 31379 --- [library-management-system] [           main] o.hibernate.jpa.internal.util.LogHelper  : HHH000204: Processing PersistenceUnitInfo [name: default]
2024-05-16T03:41:46.008+01:00  INFO 31379 --- [library-management-system] [           main] o.h.c.internal.RegionFactoryInitiator    : HHH000026: Second-level cache disabled
2024-05-16T03:41:46.013+01:00  INFO 31379 --- [library-management-system] [           main] o.s.o.j.p.SpringPersistenceUnitInfo      : No LoadTimeWeaver setup: ignoring JPA class transformer
2024-05-16T03:41:46.016+01:00  INFO 31379 --- [library-management-system] [           main] com.zaxxer.hikari.HikariDataSource       : HikariPool-38 - Starting...
2024-05-16T03:41:46.022+01:00  INFO 31379 --- [library-management-system] [           main] com.zaxxer.hikari.pool.HikariPool        : HikariPool-38 - Added connection com.mysql.cj.jdbc.ConnectionImpl@37de6997
2024-05-16T03:41:46.022+01:00  INFO 31379 --- [library-management-system] [           main] com.zaxxer.hikari.HikariDataSource       : HikariPool-38 - Start completed.
2024-05-16T03:41:46.023+01:00  WARN 31379 --- [library-management-system] [           main] org.hibernate.dialect.Dialect            : HHH000511: The 5.5.0 version for [org.hibernate.dialect.MySQLDialect] is no longer supported, hence certain features may not work properly. The minimum supported version is 8.0.0. Check the community dialects project for available legacy versions.
2024-05-16T03:41:46.024+01:00  WARN 31379 --- [library-management-system] [           main] org.hibernate.orm.deprecation            : HHH90000025: MySQLDialect does not need to be specified explicitly using 'hibernate.dialect' (remove the property setting and it will be selected by default)
2024-05-16T03:41:46.117+01:00  INFO 31379 --- [library-management-system] [           main] o.h.e.t.j.p.i.JtaPlatformInitiator       : HHH000489: No JTA platform available (set 'hibernate.transaction.jta.platform' to enable JTA platform integration)
2024-05-16T03:41:46.256+01:00  INFO 31379 --- [library-management-system] [           main] j.LocalContainerEntityManagerFactoryBean : Initialized JPA EntityManagerFactory for persistence unit 'default'
2024-05-16T03:41:46.976+01:00  WARN 31379 --- [library-management-system] [           main] JpaBaseConfiguration$JpaWebConfiguration : spring.jpa.open-in-view is enabled by default. Therefore, database queries may be performed during view rendering. Explicitly configure spring.jpa.open-in-view to disable this warning
2024-05-16T03:41:47.994+01:00  INFO 31379 --- [library-management-system] [           main] o.s.b.t.m.w.SpringBootMockServletContext : Initializing Spring TestDispatcherServlet ''
2024-05-16T03:41:47.994+01:00  INFO 31379 --- [library-management-system] [           main] o.s.t.web.servlet.TestDispatcherServlet  : Initializing Servlet ''
2024-05-16T03:41:47.995+01:00  INFO 31379 --- [library-management-system] [           main] o.s.t.web.servlet.TestDispatcherServlet  : Completed initialization in 1 ms
2024-05-16T03:41:48.007+01:00  INFO 31379 --- [library-management-system] [           main] c.l.m.c.PatronControllerIntegrationTests : Started PatronControllerIntegrationTests in 2.599 seconds (process running for 109.671)
Hibernate: select pe1_0.id,pe1_0.contact_information,pe1_0.name from patrons pe1_0
deleteAll service method executed. And returned: null
Execution time: 0ms
Hibernate: select bre1_0.id,bre1_0.book_id,bre1_0.borrowing_date,bre1_0.patron_id,bre1_0.return_date from borrowing_records bre1_0
Hibernate: select be1_0.id,be1_0.author,be1_0.borrowed,be1_0.isbn,be1_0.publication_year,be1_0.title from books be1_0 where be1_0.id=?
deleteAll service method executed. And returned: null
Execution time: 0ms
Hibernate: select next_val as id_val from patron_id_seq for update
Hibernate: update patron_id_seq set next_val= ? where next_val=?
save service method executed. And returned: PatronDto(id=2952, name=John Doe, contactInformation=john.doe@example.com)
Execution time: 0ms
Hibernate: insert into patrons (contact_information,name,id) values (?,?,?)
Hibernate: update borrowing_records set book_id=?,borrowing_date=?,patron_id=?,return_date=? where id=?
Hibernate: delete from patrons where id=?
Hibernate: delete from borrowing_records where id=?
Hibernate: select count(*) from patrons pe1_0 where pe1_0.id=?
isExists service method executed. And returned: true
Execution time: 0ms
save service method executed. And returned: PatronDto(id=2952, name=Jane Smith, contactInformation=jane.smith@example.com)
Execution time: 0ms
updatePatron controller method executed!
Execution time: 0ms
2024-05-16T03:41:48.077+01:00  INFO 31379 --- [library-management-system] [           main] j.LocalContainerEntityManagerFactoryBean : Closing JPA EntityManagerFactory for persistence unit 'default'
2024-05-16T03:41:48.077+01:00  INFO 31379 --- [library-management-system] [           main] com.zaxxer.hikari.HikariDataSource       : HikariPool-38 - Shutdown initiated...
2024-05-16T03:41:48.081+01:00  INFO 31379 --- [library-management-system] [           main] com.zaxxer.hikari.HikariDataSource       : HikariPool-38 - Shutdown completed.
]]></system-out>
  </testcase>
  <testcase name="testThatDeletePatronReturnsHttpStatus204ForExistingPatron" classname="com.library.management.controllers.PatronControllerIntegrationTests" time="0.093">
    <system-out><![CDATA[
  .   ____          _            __ _ _
 /\\ / ___'_ __ _ _(_)_ __  __ _ \ \ \ \
( ( )\___ | '_ | '_| | '_ \/ _` | \ \ \ \
 \\/  ___)| |_)| | | | | || (_| |  ) ) ) )
  '  |____| .__|_| |_|_| |_\__, | / / / /
 =========|_|==============|___/=/_/_/_/
 :: Spring Boot ::                (v3.2.1)

2024-05-16T03:41:48.107+01:00  INFO 31379 --- [library-management-system] [           main] c.l.m.c.PatronControllerIntegrationTests : Starting PatronControllerIntegrationTests using Java 21.0.1 with PID 31379 (started by deca in /Users/deca/Desktop/library-management-system)
2024-05-16T03:41:48.108+01:00  INFO 31379 --- [library-management-system] [           main] c.l.m.c.PatronControllerIntegrationTests : No active profile set, falling back to 1 default profile: "default"
2024-05-16T03:41:49.018+01:00  INFO 31379 --- [library-management-system] [           main] .s.d.r.c.RepositoryConfigurationDelegate : Bootstrapping Spring Data JPA repositories in DEFAULT mode.
2024-05-16T03:41:49.038+01:00  INFO 31379 --- [library-management-system] [           main] .s.d.r.c.RepositoryConfigurationDelegate : Finished Spring Data repository scanning in 20 ms. Found 3 JPA repository interfaces.
2024-05-16T03:41:49.266+01:00  INFO 31379 --- [library-management-system] [           main] o.hibernate.jpa.internal.util.LogHelper  : HHH000204: Processing PersistenceUnitInfo [name: default]
2024-05-16T03:41:49.269+01:00  INFO 31379 --- [library-management-system] [           main] o.h.c.internal.RegionFactoryInitiator    : HHH000026: Second-level cache disabled
2024-05-16T03:41:49.272+01:00  INFO 31379 --- [library-management-system] [           main] o.s.o.j.p.SpringPersistenceUnitInfo      : No LoadTimeWeaver setup: ignoring JPA class transformer
2024-05-16T03:41:49.273+01:00  INFO 31379 --- [library-management-system] [           main] com.zaxxer.hikari.HikariDataSource       : HikariPool-39 - Starting...
2024-05-16T03:41:49.304+01:00  INFO 31379 --- [library-management-system] [           main] com.zaxxer.hikari.pool.HikariPool        : HikariPool-39 - Added connection com.mysql.cj.jdbc.ConnectionImpl@7ef33bda
2024-05-16T03:41:49.304+01:00  INFO 31379 --- [library-management-system] [           main] com.zaxxer.hikari.HikariDataSource       : HikariPool-39 - Start completed.
2024-05-16T03:41:49.307+01:00  WARN 31379 --- [library-management-system] [           main] org.hibernate.dialect.Dialect            : HHH000511: The 5.5.0 version for [org.hibernate.dialect.MySQLDialect] is no longer supported, hence certain features may not work properly. The minimum supported version is 8.0.0. Check the community dialects project for available legacy versions.
2024-05-16T03:41:49.307+01:00  WARN 31379 --- [library-management-system] [           main] org.hibernate.orm.deprecation            : HHH90000025: MySQLDialect does not need to be specified explicitly using 'hibernate.dialect' (remove the property setting and it will be selected by default)
2024-05-16T03:41:49.387+01:00  INFO 31379 --- [library-management-system] [           main] o.h.e.t.j.p.i.JtaPlatformInitiator       : HHH000489: No JTA platform available (set 'hibernate.transaction.jta.platform' to enable JTA platform integration)
2024-05-16T03:41:49.441+01:00  INFO 31379 --- [library-management-system] [           main] j.LocalContainerEntityManagerFactoryBean : Initialized JPA EntityManagerFactory for persistence unit 'default'
2024-05-16T03:41:50.151+01:00  WARN 31379 --- [library-management-system] [           main] JpaBaseConfiguration$JpaWebConfiguration : spring.jpa.open-in-view is enabled by default. Therefore, database queries may be performed during view rendering. Explicitly configure spring.jpa.open-in-view to disable this warning
2024-05-16T03:41:51.183+01:00  INFO 31379 --- [library-management-system] [           main] o.s.b.t.m.w.SpringBootMockServletContext : Initializing Spring TestDispatcherServlet ''
2024-05-16T03:41:51.184+01:00  INFO 31379 --- [library-management-system] [           main] o.s.t.web.servlet.TestDispatcherServlet  : Initializing Servlet ''
2024-05-16T03:41:51.184+01:00  INFO 31379 --- [library-management-system] [           main] o.s.t.web.servlet.TestDispatcherServlet  : Completed initialization in 0 ms
2024-05-16T03:41:51.207+01:00  INFO 31379 --- [library-management-system] [           main] c.l.m.c.PatronControllerIntegrationTests : Started PatronControllerIntegrationTests in 3.121 seconds (process running for 112.871)
Hibernate: select pe1_0.id,pe1_0.contact_information,pe1_0.name from patrons pe1_0
deleteAll service method executed. And returned: null
Execution time: 0ms
Hibernate: select bre1_0.id,bre1_0.book_id,bre1_0.borrowing_date,bre1_0.patron_id,bre1_0.return_date from borrowing_records bre1_0
Hibernate: select be1_0.id,be1_0.author,be1_0.borrowed,be1_0.isbn,be1_0.publication_year,be1_0.title from books be1_0 where be1_0.id=?
deleteAll service method executed. And returned: null
Execution time: 0ms
Hibernate: select next_val as id_val from patron_id_seq for update
Hibernate: update patron_id_seq set next_val= ? where next_val=?
save service method executed. And returned: PatronDto(id=3002, name=John Doe, contactInformation=john.doe@example.com)
Execution time: 2ms
Hibernate: insert into patrons (contact_information,name,id) values (?,?,?)
Hibernate: update borrowing_records set book_id=?,borrowing_date=?,patron_id=?,return_date=? where id=?
Hibernate: delete from patrons where id=?
Hibernate: delete from borrowing_records where id=?
Hibernate: select count(*) from patrons pe1_0 where pe1_0.id=?
isExists service method executed. And returned: true
Execution time: 0ms
Hibernate: select count(*) from patrons pe1_0 where pe1_0.id=?
delete service method executed. And returned: null
Execution time: 0ms
deletePatron controller method executed!
Execution time: 0ms
2024-05-16T03:41:51.302+01:00  INFO 31379 --- [library-management-system] [           main] j.LocalContainerEntityManagerFactoryBean : Closing JPA EntityManagerFactory for persistence unit 'default'
2024-05-16T03:41:51.302+01:00  INFO 31379 --- [library-management-system] [           main] com.zaxxer.hikari.HikariDataSource       : HikariPool-39 - Shutdown initiated...
2024-05-16T03:41:51.303+01:00  INFO 31379 --- [library-management-system] [           main] com.zaxxer.hikari.HikariDataSource       : HikariPool-39 - Shutdown completed.
]]></system-out>
  </testcase>
  <testcase name="testThatUpdatePatronReturnsHttpStatus200WhenPatronExists" classname="com.library.management.controllers.PatronControllerIntegrationTests" time="0.213">
    <system-out><![CDATA[
  .   ____          _            __ _ _
 /\\ / ___'_ __ _ _(_)_ __  __ _ \ \ \ \
( ( )\___ | '_ | '_| | '_ \/ _` | \ \ \ \
 \\/  ___)| |_)| | | | | || (_| |  ) ) ) )
  '  |____| .__|_| |_|_| |_\__, | / / / /
 =========|_|==============|___/=/_/_/_/
 :: Spring Boot ::                (v3.2.1)

2024-05-16T03:41:51.334+01:00  INFO 31379 --- [library-management-system] [           main] c.l.m.c.PatronControllerIntegrationTests : Starting PatronControllerIntegrationTests using Java 21.0.1 with PID 31379 (started by deca in /Users/deca/Desktop/library-management-system)
2024-05-16T03:41:51.334+01:00  INFO 31379 --- [library-management-system] [           main] c.l.m.c.PatronControllerIntegrationTests : No active profile set, falling back to 1 default profile: "default"
2024-05-16T03:41:51.658+01:00  INFO 31379 --- [library-management-system] [           main] .s.d.r.c.RepositoryConfigurationDelegate : Bootstrapping Spring Data JPA repositories in DEFAULT mode.
2024-05-16T03:41:51.673+01:00  INFO 31379 --- [library-management-system] [           main] .s.d.r.c.RepositoryConfigurationDelegate : Finished Spring Data repository scanning in 14 ms. Found 3 JPA repository interfaces.
2024-05-16T03:41:51.839+01:00  INFO 31379 --- [library-management-system] [           main] o.hibernate.jpa.internal.util.LogHelper  : HHH000204: Processing PersistenceUnitInfo [name: default]
2024-05-16T03:41:51.844+01:00  INFO 31379 --- [library-management-system] [           main] o.h.c.internal.RegionFactoryInitiator    : HHH000026: Second-level cache disabled
2024-05-16T03:41:51.849+01:00  INFO 31379 --- [library-management-system] [           main] o.s.o.j.p.SpringPersistenceUnitInfo      : No LoadTimeWeaver setup: ignoring JPA class transformer
2024-05-16T03:41:51.850+01:00  INFO 31379 --- [library-management-system] [           main] com.zaxxer.hikari.HikariDataSource       : HikariPool-40 - Starting...
2024-05-16T03:41:51.854+01:00  INFO 31379 --- [library-management-system] [           main] com.zaxxer.hikari.pool.HikariPool        : HikariPool-40 - Added connection com.mysql.cj.jdbc.ConnectionImpl@261adf9a
2024-05-16T03:41:51.855+01:00  INFO 31379 --- [library-management-system] [           main] com.zaxxer.hikari.HikariDataSource       : HikariPool-40 - Start completed.
2024-05-16T03:41:51.858+01:00  WARN 31379 --- [library-management-system] [           main] org.hibernate.dialect.Dialect            : HHH000511: The 5.5.0 version for [org.hibernate.dialect.MySQLDialect] is no longer supported, hence certain features may not work properly. The minimum supported version is 8.0.0. Check the community dialects project for available legacy versions.
2024-05-16T03:41:51.858+01:00  WARN 31379 --- [library-management-system] [           main] org.hibernate.orm.deprecation            : HHH90000025: MySQLDialect does not need to be specified explicitly using 'hibernate.dialect' (remove the property setting and it will be selected by default)
2024-05-16T03:41:52.012+01:00  INFO 31379 --- [library-management-system] [           main] o.h.e.t.j.p.i.JtaPlatformInitiator       : HHH000489: No JTA platform available (set 'hibernate.transaction.jta.platform' to enable JTA platform integration)
2024-05-16T03:41:52.057+01:00  INFO 31379 --- [library-management-system] [           main] j.LocalContainerEntityManagerFactoryBean : Initialized JPA EntityManagerFactory for persistence unit 'default'
2024-05-16T03:41:52.795+01:00  WARN 31379 --- [library-management-system] [           main] JpaBaseConfiguration$JpaWebConfiguration : spring.jpa.open-in-view is enabled by default. Therefore, database queries may be performed during view rendering. Explicitly configure spring.jpa.open-in-view to disable this warning
2024-05-16T03:41:53.519+01:00  INFO 31379 --- [library-management-system] [           main] o.s.b.t.m.w.SpringBootMockServletContext : Initializing Spring TestDispatcherServlet ''
2024-05-16T03:41:53.519+01:00  INFO 31379 --- [library-management-system] [           main] o.s.t.web.servlet.TestDispatcherServlet  : Initializing Servlet ''
2024-05-16T03:41:53.520+01:00  INFO 31379 --- [library-management-system] [           main] o.s.t.web.servlet.TestDispatcherServlet  : Completed initialization in 1 ms
2024-05-16T03:41:53.544+01:00  INFO 31379 --- [library-management-system] [           main] c.l.m.c.PatronControllerIntegrationTests : Started PatronControllerIntegrationTests in 2.224 seconds (process running for 115.208)
Hibernate: select pe1_0.id,pe1_0.contact_information,pe1_0.name from patrons pe1_0
deleteAll service method executed. And returned: null
Execution time: 0ms
Hibernate: select bre1_0.id,bre1_0.book_id,bre1_0.borrowing_date,bre1_0.patron_id,bre1_0.return_date from borrowing_records bre1_0
Hibernate: select be1_0.id,be1_0.author,be1_0.borrowed,be1_0.isbn,be1_0.publication_year,be1_0.title from books be1_0 where be1_0.id=?
deleteAll service method executed. And returned: null
Execution time: 0ms
Hibernate: select next_val as id_val from patron_id_seq for update
Hibernate: update patron_id_seq set next_val= ? where next_val=?
save service method executed. And returned: PatronDto(id=3052, name=John Doe, contactInformation=john.doe@example.com)
Execution time: 0ms
Hibernate: insert into patrons (contact_information,name,id) values (?,?,?)
Hibernate: update borrowing_records set book_id=?,borrowing_date=?,patron_id=?,return_date=? where id=?
Hibernate: delete from patrons where id=?
Hibernate: delete from borrowing_records where id=?
Hibernate: select count(*) from patrons pe1_0 where pe1_0.id=?
isExists service method executed. And returned: true
Execution time: 0ms
save service method executed. And returned: PatronDto(id=3052, name=John Doe, contactInformation=john.doe@example.com)
Execution time: 0ms
updatePatron controller method executed!
Execution time: 0ms
2024-05-16T03:41:53.751+01:00  INFO 31379 --- [library-management-system] [           main] j.LocalContainerEntityManagerFactoryBean : Closing JPA EntityManagerFactory for persistence unit 'default'
2024-05-16T03:41:53.752+01:00  INFO 31379 --- [library-management-system] [           main] com.zaxxer.hikari.HikariDataSource       : HikariPool-40 - Shutdown initiated...
2024-05-16T03:41:53.759+01:00  INFO 31379 --- [library-management-system] [           main] com.zaxxer.hikari.HikariDataSource       : HikariPool-40 - Shutdown completed.
]]></system-out>
  </testcase>
  <testcase name="testThatGetAllPatronsReturnsListOfPatrons" classname="com.library.management.controllers.PatronControllerIntegrationTests" time="0.052">
    <system-out><![CDATA[
  .   ____          _            __ _ _
 /\\ / ___'_ __ _ _(_)_ __  __ _ \ \ \ \
( ( )\___ | '_ | '_| | '_ \/ _` | \ \ \ \
 \\/  ___)| |_)| | | | | || (_| |  ) ) ) )
  '  |____| .__|_| |_|_| |_\__, | / / / /
 =========|_|==============|___/=/_/_/_/
 :: Spring Boot ::                (v3.2.1)

2024-05-16T03:41:53.788+01:00  INFO 31379 --- [library-management-system] [           main] c.l.m.c.PatronControllerIntegrationTests : Starting PatronControllerIntegrationTests using Java 21.0.1 with PID 31379 (started by deca in /Users/deca/Desktop/library-management-system)
2024-05-16T03:41:53.788+01:00  INFO 31379 --- [library-management-system] [           main] c.l.m.c.PatronControllerIntegrationTests : No active profile set, falling back to 1 default profile: "default"
2024-05-16T03:41:54.169+01:00  INFO 31379 --- [library-management-system] [           main] .s.d.r.c.RepositoryConfigurationDelegate : Bootstrapping Spring Data JPA repositories in DEFAULT mode.
2024-05-16T03:41:54.192+01:00  INFO 31379 --- [library-management-system] [           main] .s.d.r.c.RepositoryConfigurationDelegate : Finished Spring Data repository scanning in 23 ms. Found 3 JPA repository interfaces.
2024-05-16T03:41:54.428+01:00  INFO 31379 --- [library-management-system] [           main] o.hibernate.jpa.internal.util.LogHelper  : HHH000204: Processing PersistenceUnitInfo [name: default]
2024-05-16T03:41:54.433+01:00  INFO 31379 --- [library-management-system] [           main] o.h.c.internal.RegionFactoryInitiator    : HHH000026: Second-level cache disabled
2024-05-16T03:41:54.438+01:00  INFO 31379 --- [library-management-system] [           main] o.s.o.j.p.SpringPersistenceUnitInfo      : No LoadTimeWeaver setup: ignoring JPA class transformer
2024-05-16T03:41:54.440+01:00  INFO 31379 --- [library-management-system] [           main] com.zaxxer.hikari.HikariDataSource       : HikariPool-41 - Starting...
2024-05-16T03:41:54.487+01:00  INFO 31379 --- [library-management-system] [           main] com.zaxxer.hikari.pool.HikariPool        : HikariPool-41 - Added connection com.mysql.cj.jdbc.ConnectionImpl@677dc5d4
2024-05-16T03:41:54.489+01:00  INFO 31379 --- [library-management-system] [           main] com.zaxxer.hikari.HikariDataSource       : HikariPool-41 - Start completed.
2024-05-16T03:41:54.490+01:00  WARN 31379 --- [library-management-system] [           main] org.hibernate.dialect.Dialect            : HHH000511: The 5.5.0 version for [org.hibernate.dialect.MySQLDialect] is no longer supported, hence certain features may not work properly. The minimum supported version is 8.0.0. Check the community dialects project for available legacy versions.
2024-05-16T03:41:54.492+01:00  WARN 31379 --- [library-management-system] [           main] org.hibernate.orm.deprecation            : HHH90000025: MySQLDialect does not need to be specified explicitly using 'hibernate.dialect' (remove the property setting and it will be selected by default)
2024-05-16T03:41:54.560+01:00  INFO 31379 --- [library-management-system] [           main] o.h.e.t.j.p.i.JtaPlatformInitiator       : HHH000489: No JTA platform available (set 'hibernate.transaction.jta.platform' to enable JTA platform integration)
2024-05-16T03:41:54.604+01:00  INFO 31379 --- [library-management-system] [           main] j.LocalContainerEntityManagerFactoryBean : Initialized JPA EntityManagerFactory for persistence unit 'default'
2024-05-16T03:41:55.189+01:00  WARN 31379 --- [library-management-system] [           main] JpaBaseConfiguration$JpaWebConfiguration : spring.jpa.open-in-view is enabled by default. Therefore, database queries may be performed during view rendering. Explicitly configure spring.jpa.open-in-view to disable this warning
2024-05-16T03:41:55.828+01:00  INFO 31379 --- [library-management-system] [           main] o.s.b.t.m.w.SpringBootMockServletContext : Initializing Spring TestDispatcherServlet ''
2024-05-16T03:41:55.828+01:00  INFO 31379 --- [library-management-system] [           main] o.s.t.web.servlet.TestDispatcherServlet  : Initializing Servlet ''
2024-05-16T03:41:55.829+01:00  INFO 31379 --- [library-management-system] [           main] o.s.t.web.servlet.TestDispatcherServlet  : Completed initialization in 1 ms
2024-05-16T03:41:55.840+01:00  INFO 31379 --- [library-management-system] [           main] c.l.m.c.PatronControllerIntegrationTests : Started PatronControllerIntegrationTests in 2.075 seconds (process running for 117.504)
Hibernate: select pe1_0.id,pe1_0.contact_information,pe1_0.name from patrons pe1_0
deleteAll service method executed. And returned: null
Execution time: 0ms
Hibernate: select bre1_0.id,bre1_0.book_id,bre1_0.borrowing_date,bre1_0.patron_id,bre1_0.return_date from borrowing_records bre1_0
Hibernate: select be1_0.id,be1_0.author,be1_0.borrowed,be1_0.isbn,be1_0.publication_year,be1_0.title from books be1_0 where be1_0.id=?
deleteAll service method executed. And returned: null
Execution time: 0ms
Hibernate: select next_val as id_val from patron_id_seq for update
Hibernate: update patron_id_seq set next_val= ? where next_val=?
save service method executed. And returned: PatronDto(id=3102, name=John Doe, contactInformation=john.doe@example.com)
Execution time: 0ms
Hibernate: insert into patrons (contact_information,name,id) values (?,?,?)
Hibernate: update borrowing_records set book_id=?,borrowing_date=?,patron_id=?,return_date=? where id=?
Hibernate: delete from patrons where id=?
Hibernate: delete from borrowing_records where id=?
Hibernate: select pe1_0.id,pe1_0.contact_information,pe1_0.name from patrons pe1_0
findAll service method executed. And returned: [PatronDto(id=3102, name=John Doe, contactInformation=john.doe@example.com)]
Execution time: 0ms
getAllPatrons controller method executed!
Execution time: 0ms
2024-05-16T03:41:55.894+01:00  INFO 31379 --- [library-management-system] [           main] j.LocalContainerEntityManagerFactoryBean : Closing JPA EntityManagerFactory for persistence unit 'default'
2024-05-16T03:41:55.894+01:00  INFO 31379 --- [library-management-system] [           main] com.zaxxer.hikari.HikariDataSource       : HikariPool-41 - Shutdown initiated...
2024-05-16T03:41:55.895+01:00  INFO 31379 --- [library-management-system] [           main] com.zaxxer.hikari.HikariDataSource       : HikariPool-41 - Shutdown completed.
]]></system-out>
  </testcase>
  <testcase name="testThatGetAllPatronsReturnsHttpStatus200" classname="com.library.management.controllers.PatronControllerIntegrationTests" time="0.039">
    <system-out><![CDATA[
  .   ____          _            __ _ _
 /\\ / ___'_ __ _ _(_)_ __  __ _ \ \ \ \
( ( )\___ | '_ | '_| | '_ \/ _` | \ \ \ \
 \\/  ___)| |_)| | | | | || (_| |  ) ) ) )
  '  |____| .__|_| |_|_| |_\__, | / / / /
 =========|_|==============|___/=/_/_/_/
 :: Spring Boot ::                (v3.2.1)

2024-05-16T03:41:55.917+01:00  INFO 31379 --- [library-management-system] [           main] c.l.m.c.PatronControllerIntegrationTests : Starting PatronControllerIntegrationTests using Java 21.0.1 with PID 31379 (started by deca in /Users/deca/Desktop/library-management-system)
2024-05-16T03:41:55.917+01:00  INFO 31379 --- [library-management-system] [           main] c.l.m.c.PatronControllerIntegrationTests : No active profile set, falling back to 1 default profile: "default"
2024-05-16T03:41:56.078+01:00  INFO 31379 --- [library-management-system] [           main] .s.d.r.c.RepositoryConfigurationDelegate : Bootstrapping Spring Data JPA repositories in DEFAULT mode.
2024-05-16T03:41:56.095+01:00  INFO 31379 --- [library-management-system] [           main] .s.d.r.c.RepositoryConfigurationDelegate : Finished Spring Data repository scanning in 16 ms. Found 3 JPA repository interfaces.
2024-05-16T03:41:56.230+01:00  INFO 31379 --- [library-management-system] [           main] o.hibernate.jpa.internal.util.LogHelper  : HHH000204: Processing PersistenceUnitInfo [name: default]
2024-05-16T03:41:56.234+01:00  INFO 31379 --- [library-management-system] [           main] o.h.c.internal.RegionFactoryInitiator    : HHH000026: Second-level cache disabled
2024-05-16T03:41:56.237+01:00  INFO 31379 --- [library-management-system] [           main] o.s.o.j.p.SpringPersistenceUnitInfo      : No LoadTimeWeaver setup: ignoring JPA class transformer
2024-05-16T03:41:56.237+01:00  INFO 31379 --- [library-management-system] [           main] com.zaxxer.hikari.HikariDataSource       : HikariPool-42 - Starting...
2024-05-16T03:41:56.240+01:00  INFO 31379 --- [library-management-system] [           main] com.zaxxer.hikari.pool.HikariPool        : HikariPool-42 - Added connection com.mysql.cj.jdbc.ConnectionImpl@8ccaee1
2024-05-16T03:41:56.241+01:00  INFO 31379 --- [library-management-system] [           main] com.zaxxer.hikari.HikariDataSource       : HikariPool-42 - Start completed.
2024-05-16T03:41:56.241+01:00  WARN 31379 --- [library-management-system] [           main] org.hibernate.dialect.Dialect            : HHH000511: The 5.5.0 version for [org.hibernate.dialect.MySQLDialect] is no longer supported, hence certain features may not work properly. The minimum supported version is 8.0.0. Check the community dialects project for available legacy versions.
2024-05-16T03:41:56.242+01:00  WARN 31379 --- [library-management-system] [           main] org.hibernate.orm.deprecation            : HHH90000025: MySQLDialect does not need to be specified explicitly using 'hibernate.dialect' (remove the property setting and it will be selected by default)
2024-05-16T03:41:56.288+01:00  INFO 31379 --- [library-management-system] [           main] o.h.e.t.j.p.i.JtaPlatformInitiator       : HHH000489: No JTA platform available (set 'hibernate.transaction.jta.platform' to enable JTA platform integration)
2024-05-16T03:41:56.352+01:00  INFO 31379 --- [library-management-system] [           main] j.LocalContainerEntityManagerFactoryBean : Initialized JPA EntityManagerFactory for persistence unit 'default'
2024-05-16T03:41:56.930+01:00  WARN 31379 --- [library-management-system] [           main] JpaBaseConfiguration$JpaWebConfiguration : spring.jpa.open-in-view is enabled by default. Therefore, database queries may be performed during view rendering. Explicitly configure spring.jpa.open-in-view to disable this warning
2024-05-16T03:41:57.635+01:00  INFO 31379 --- [library-management-system] [           main] o.s.b.t.m.w.SpringBootMockServletContext : Initializing Spring TestDispatcherServlet ''
2024-05-16T03:41:57.635+01:00  INFO 31379 --- [library-management-system] [           main] o.s.t.web.servlet.TestDispatcherServlet  : Initializing Servlet ''
2024-05-16T03:41:57.636+01:00  INFO 31379 --- [library-management-system] [           main] o.s.t.web.servlet.TestDispatcherServlet  : Completed initialization in 1 ms
2024-05-16T03:41:57.643+01:00  INFO 31379 --- [library-management-system] [           main] c.l.m.c.PatronControllerIntegrationTests : Started PatronControllerIntegrationTests in 1.744 seconds (process running for 119.307)
Hibernate: select pe1_0.id,pe1_0.contact_information,pe1_0.name from patrons pe1_0
deleteAll service method executed. And returned: null
Execution time: 0ms
Hibernate: select bre1_0.id,bre1_0.book_id,bre1_0.borrowing_date,bre1_0.patron_id,bre1_0.return_date from borrowing_records bre1_0
Hibernate: select be1_0.id,be1_0.author,be1_0.borrowed,be1_0.isbn,be1_0.publication_year,be1_0.title from books be1_0 where be1_0.id=?
deleteAll service method executed. And returned: null
Execution time: 0ms
Hibernate: update borrowing_records set book_id=?,borrowing_date=?,patron_id=?,return_date=? where id=?
Hibernate: delete from patrons where id=?
Hibernate: delete from borrowing_records where id=?
Hibernate: select pe1_0.id,pe1_0.contact_information,pe1_0.name from patrons pe1_0
findAll service method executed. And returned: []
Execution time: 0ms
getAllPatrons controller method executed!
Execution time: 0ms
2024-05-16T03:41:57.680+01:00  INFO 31379 --- [library-management-system] [           main] j.LocalContainerEntityManagerFactoryBean : Closing JPA EntityManagerFactory for persistence unit 'default'
2024-05-16T03:41:57.681+01:00  INFO 31379 --- [library-management-system] [           main] com.zaxxer.hikari.HikariDataSource       : HikariPool-42 - Shutdown initiated...
2024-05-16T03:41:57.685+01:00  INFO 31379 --- [library-management-system] [           main] com.zaxxer.hikari.HikariDataSource       : HikariPool-42 - Shutdown completed.
]]></system-out>
  </testcase>
  <testcase name="testThatGetPatronReturnsPatronWhenPatronExists" classname="com.library.management.controllers.PatronControllerIntegrationTests" time="0.041">
    <system-out><![CDATA[
  .   ____          _            __ _ _
 /\\ / ___'_ __ _ _(_)_ __  __ _ \ \ \ \
( ( )\___ | '_ | '_| | '_ \/ _` | \ \ \ \
 \\/  ___)| |_)| | | | | || (_| |  ) ) ) )
  '  |____| .__|_| |_|_| |_\__, | / / / /
 =========|_|==============|___/=/_/_/_/
 :: Spring Boot ::                (v3.2.1)

2024-05-16T03:41:57.707+01:00  INFO 31379 --- [library-management-system] [           main] c.l.m.c.PatronControllerIntegrationTests : Starting PatronControllerIntegrationTests using Java 21.0.1 with PID 31379 (started by deca in /Users/deca/Desktop/library-management-system)
2024-05-16T03:41:57.707+01:00  INFO 31379 --- [library-management-system] [           main] c.l.m.c.PatronControllerIntegrationTests : No active profile set, falling back to 1 default profile: "default"
2024-05-16T03:41:57.857+01:00  INFO 31379 --- [library-management-system] [           main] .s.d.r.c.RepositoryConfigurationDelegate : Bootstrapping Spring Data JPA repositories in DEFAULT mode.
2024-05-16T03:41:57.874+01:00  INFO 31379 --- [library-management-system] [           main] .s.d.r.c.RepositoryConfigurationDelegate : Finished Spring Data repository scanning in 16 ms. Found 3 JPA repository interfaces.
2024-05-16T03:41:58.023+01:00  INFO 31379 --- [library-management-system] [           main] o.hibernate.jpa.internal.util.LogHelper  : HHH000204: Processing PersistenceUnitInfo [name: default]
2024-05-16T03:41:58.025+01:00  INFO 31379 --- [library-management-system] [           main] o.h.c.internal.RegionFactoryInitiator    : HHH000026: Second-level cache disabled
2024-05-16T03:41:58.028+01:00  INFO 31379 --- [library-management-system] [           main] o.s.o.j.p.SpringPersistenceUnitInfo      : No LoadTimeWeaver setup: ignoring JPA class transformer
2024-05-16T03:41:58.028+01:00  INFO 31379 --- [library-management-system] [           main] com.zaxxer.hikari.HikariDataSource       : HikariPool-43 - Starting...
2024-05-16T03:41:58.031+01:00  INFO 31379 --- [library-management-system] [           main] com.zaxxer.hikari.pool.HikariPool        : HikariPool-43 - Added connection com.mysql.cj.jdbc.ConnectionImpl@1c80e3f6
2024-05-16T03:41:58.031+01:00  INFO 31379 --- [library-management-system] [           main] com.zaxxer.hikari.HikariDataSource       : HikariPool-43 - Start completed.
2024-05-16T03:41:58.034+01:00  WARN 31379 --- [library-management-system] [           main] org.hibernate.dialect.Dialect            : HHH000511: The 5.5.0 version for [org.hibernate.dialect.MySQLDialect] is no longer supported, hence certain features may not work properly. The minimum supported version is 8.0.0. Check the community dialects project for available legacy versions.
2024-05-16T03:41:58.034+01:00  WARN 31379 --- [library-management-system] [           main] org.hibernate.orm.deprecation            : HHH90000025: MySQLDialect does not need to be specified explicitly using 'hibernate.dialect' (remove the property setting and it will be selected by default)
2024-05-16T03:41:58.102+01:00  INFO 31379 --- [library-management-system] [           main] o.h.e.t.j.p.i.JtaPlatformInitiator       : HHH000489: No JTA platform available (set 'hibernate.transaction.jta.platform' to enable JTA platform integration)
2024-05-16T03:41:58.145+01:00  INFO 31379 --- [library-management-system] [           main] j.LocalContainerEntityManagerFactoryBean : Initialized JPA EntityManagerFactory for persistence unit 'default'
2024-05-16T03:41:58.672+01:00  WARN 31379 --- [library-management-system] [           main] JpaBaseConfiguration$JpaWebConfiguration : spring.jpa.open-in-view is enabled by default. Therefore, database queries may be performed during view rendering. Explicitly configure spring.jpa.open-in-view to disable this warning
2024-05-16T03:41:59.381+01:00  INFO 31379 --- [library-management-system] [           main] o.s.b.t.m.w.SpringBootMockServletContext : Initializing Spring TestDispatcherServlet ''
2024-05-16T03:41:59.381+01:00  INFO 31379 --- [library-management-system] [           main] o.s.t.web.servlet.TestDispatcherServlet  : Initializing Servlet ''
2024-05-16T03:41:59.382+01:00  INFO 31379 --- [library-management-system] [           main] o.s.t.web.servlet.TestDispatcherServlet  : Completed initialization in 1 ms
2024-05-16T03:41:59.391+01:00  INFO 31379 --- [library-management-system] [           main] c.l.m.c.PatronControllerIntegrationTests : Started PatronControllerIntegrationTests in 1.703 seconds (process running for 121.054)
Hibernate: select pe1_0.id,pe1_0.contact_information,pe1_0.name from patrons pe1_0
deleteAll service method executed. And returned: null
Execution time: 0ms
Hibernate: select bre1_0.id,bre1_0.book_id,bre1_0.borrowing_date,bre1_0.patron_id,bre1_0.return_date from borrowing_records bre1_0
Hibernate: select be1_0.id,be1_0.author,be1_0.borrowed,be1_0.isbn,be1_0.publication_year,be1_0.title from books be1_0 where be1_0.id=?
deleteAll service method executed. And returned: null
Execution time: 0ms
Hibernate: select next_val as id_val from patron_id_seq for update
Hibernate: update patron_id_seq set next_val= ? where next_val=?
save service method executed. And returned: PatronDto(id=3152, name=John Doe, contactInformation=john.doe@example.com)
Execution time: 0ms
findOne service method executed. And returned: Optional[PatronDto(id=3152, name=John Doe, contactInformation=john.doe@example.com)]
Execution time: 0ms
getPatronById controller method executed!
Execution time: 0ms
2024-05-16T03:41:59.431+01:00  INFO 31379 --- [library-management-system] [           main] j.LocalContainerEntityManagerFactoryBean : Closing JPA EntityManagerFactory for persistence unit 'default'
2024-05-16T03:41:59.432+01:00  INFO 31379 --- [library-management-system] [           main] com.zaxxer.hikari.HikariDataSource       : HikariPool-43 - Shutdown initiated...
2024-05-16T03:41:59.435+01:00  INFO 31379 --- [library-management-system] [           main] com.zaxxer.hikari.HikariDataSource       : HikariPool-43 - Shutdown completed.
]]></system-out>
  </testcase>
  <testcase name="testThatUpdatePatronReturnsHttpStatus404WhenNoPatronExists" classname="com.library.management.controllers.PatronControllerIntegrationTests" time="0.047">
    <system-out><![CDATA[
  .   ____          _            __ _ _
 /\\ / ___'_ __ _ _(_)_ __  __ _ \ \ \ \
( ( )\___ | '_ | '_| | '_ \/ _` | \ \ \ \
 \\/  ___)| |_)| | | | | || (_| |  ) ) ) )
  '  |____| .__|_| |_|_| |_\__, | / / / /
 =========|_|==============|___/=/_/_/_/
 :: Spring Boot ::                (v3.2.1)

2024-05-16T03:41:59.457+01:00  INFO 31379 --- [library-management-system] [           main] c.l.m.c.PatronControllerIntegrationTests : Starting PatronControllerIntegrationTests using Java 21.0.1 with PID 31379 (started by deca in /Users/deca/Desktop/library-management-system)
2024-05-16T03:41:59.457+01:00  INFO 31379 --- [library-management-system] [           main] c.l.m.c.PatronControllerIntegrationTests : No active profile set, falling back to 1 default profile: "default"
2024-05-16T03:41:59.710+01:00  INFO 31379 --- [library-management-system] [           main] .s.d.r.c.RepositoryConfigurationDelegate : Bootstrapping Spring Data JPA repositories in DEFAULT mode.
2024-05-16T03:41:59.724+01:00  INFO 31379 --- [library-management-system] [           main] .s.d.r.c.RepositoryConfigurationDelegate : Finished Spring Data repository scanning in 13 ms. Found 3 JPA repository interfaces.
2024-05-16T03:41:59.881+01:00  INFO 31379 --- [library-management-system] [           main] o.hibernate.jpa.internal.util.LogHelper  : HHH000204: Processing PersistenceUnitInfo [name: default]
2024-05-16T03:41:59.885+01:00  INFO 31379 --- [library-management-system] [           main] o.h.c.internal.RegionFactoryInitiator    : HHH000026: Second-level cache disabled
2024-05-16T03:41:59.888+01:00  INFO 31379 --- [library-management-system] [           main] o.s.o.j.p.SpringPersistenceUnitInfo      : No LoadTimeWeaver setup: ignoring JPA class transformer
2024-05-16T03:41:59.889+01:00  INFO 31379 --- [library-management-system] [           main] com.zaxxer.hikari.HikariDataSource       : HikariPool-44 - Starting...
2024-05-16T03:41:59.892+01:00  INFO 31379 --- [library-management-system] [           main] com.zaxxer.hikari.pool.HikariPool        : HikariPool-44 - Added connection com.mysql.cj.jdbc.ConnectionImpl@4f2f1665
2024-05-16T03:41:59.892+01:00  INFO 31379 --- [library-management-system] [           main] com.zaxxer.hikari.HikariDataSource       : HikariPool-44 - Start completed.
2024-05-16T03:41:59.893+01:00  WARN 31379 --- [library-management-system] [           main] org.hibernate.dialect.Dialect            : HHH000511: The 5.5.0 version for [org.hibernate.dialect.MySQLDialect] is no longer supported, hence certain features may not work properly. The minimum supported version is 8.0.0. Check the community dialects project for available legacy versions.
2024-05-16T03:41:59.893+01:00  WARN 31379 --- [library-management-system] [           main] org.hibernate.orm.deprecation            : HHH90000025: MySQLDialect does not need to be specified explicitly using 'hibernate.dialect' (remove the property setting and it will be selected by default)
2024-05-16T03:41:59.955+01:00  INFO 31379 --- [library-management-system] [           main] o.h.e.t.j.p.i.JtaPlatformInitiator       : HHH000489: No JTA platform available (set 'hibernate.transaction.jta.platform' to enable JTA platform integration)
2024-05-16T03:42:00.018+01:00  INFO 31379 --- [library-management-system] [           main] j.LocalContainerEntityManagerFactoryBean : Initialized JPA EntityManagerFactory for persistence unit 'default'
2024-05-16T03:42:00.646+01:00  WARN 31379 --- [library-management-system] [           main] JpaBaseConfiguration$JpaWebConfiguration : spring.jpa.open-in-view is enabled by default. Therefore, database queries may be performed during view rendering. Explicitly configure spring.jpa.open-in-view to disable this warning
2024-05-16T03:42:01.262+01:00  INFO 31379 --- [library-management-system] [           main] o.s.b.t.m.w.SpringBootMockServletContext : Initializing Spring TestDispatcherServlet ''
2024-05-16T03:42:01.262+01:00  INFO 31379 --- [library-management-system] [           main] o.s.t.web.servlet.TestDispatcherServlet  : Initializing Servlet ''
2024-05-16T03:42:01.263+01:00  INFO 31379 --- [library-management-system] [           main] o.s.t.web.servlet.TestDispatcherServlet  : Completed initialization in 1 ms
2024-05-16T03:42:01.270+01:00  INFO 31379 --- [library-management-system] [           main] c.l.m.c.PatronControllerIntegrationTests : Started PatronControllerIntegrationTests in 1.833 seconds (process running for 122.934)
Hibernate: select pe1_0.id,pe1_0.contact_information,pe1_0.name from patrons pe1_0
deleteAll service method executed. And returned: null
Execution time: 0ms
Hibernate: select bre1_0.id,bre1_0.book_id,bre1_0.borrowing_date,bre1_0.patron_id,bre1_0.return_date from borrowing_records bre1_0
Hibernate: select be1_0.id,be1_0.author,be1_0.borrowed,be1_0.isbn,be1_0.publication_year,be1_0.title from books be1_0 where be1_0.id=?
deleteAll service method executed. And returned: null
Execution time: 1ms
Hibernate: update borrowing_records set book_id=?,borrowing_date=?,patron_id=?,return_date=? where id=?
Hibernate: delete from patrons where id=?
Hibernate: delete from borrowing_records where id=?
Hibernate: select count(*) from patrons pe1_0 where pe1_0.id=?
isExists service method executed. And returned: false
Execution time: 0ms
updatePatron controller method executed!
Execution time: 0ms
2024-05-16T03:42:01.315+01:00  INFO 31379 --- [library-management-system] [           main] j.LocalContainerEntityManagerFactoryBean : Closing JPA EntityManagerFactory for persistence unit 'default'
2024-05-16T03:42:01.316+01:00  INFO 31379 --- [library-management-system] [           main] com.zaxxer.hikari.HikariDataSource       : HikariPool-44 - Shutdown initiated...
2024-05-16T03:42:01.319+01:00  INFO 31379 --- [library-management-system] [           main] com.zaxxer.hikari.HikariDataSource       : HikariPool-44 - Shutdown completed.
]]></system-out>
  </testcase>
  <testcase name="testThatDeletePatronReturnsHttpStatus404ForNonExistingPatron" classname="com.library.management.controllers.PatronControllerIntegrationTests" time="0.036">
    <system-out><![CDATA[
  .   ____          _            __ _ _
 /\\ / ___'_ __ _ _(_)_ __  __ _ \ \ \ \
( ( )\___ | '_ | '_| | '_ \/ _` | \ \ \ \
 \\/  ___)| |_)| | | | | || (_| |  ) ) ) )
  '  |____| .__|_| |_|_| |_\__, | / / / /
 =========|_|==============|___/=/_/_/_/
 :: Spring Boot ::                (v3.2.1)

2024-05-16T03:42:01.343+01:00  INFO 31379 --- [library-management-system] [           main] c.l.m.c.PatronControllerIntegrationTests : Starting PatronControllerIntegrationTests using Java 21.0.1 with PID 31379 (started by deca in /Users/deca/Desktop/library-management-system)
2024-05-16T03:42:01.343+01:00  INFO 31379 --- [library-management-system] [           main] c.l.m.c.PatronControllerIntegrationTests : No active profile set, falling back to 1 default profile: "default"
2024-05-16T03:42:01.540+01:00  INFO 31379 --- [library-management-system] [           main] .s.d.r.c.RepositoryConfigurationDelegate : Bootstrapping Spring Data JPA repositories in DEFAULT mode.
2024-05-16T03:42:01.554+01:00  INFO 31379 --- [library-management-system] [           main] .s.d.r.c.RepositoryConfigurationDelegate : Finished Spring Data repository scanning in 13 ms. Found 3 JPA repository interfaces.
2024-05-16T03:42:01.671+01:00  INFO 31379 --- [library-management-system] [           main] o.hibernate.jpa.internal.util.LogHelper  : HHH000204: Processing PersistenceUnitInfo [name: default]
2024-05-16T03:42:01.673+01:00  INFO 31379 --- [library-management-system] [           main] o.h.c.internal.RegionFactoryInitiator    : HHH000026: Second-level cache disabled
2024-05-16T03:42:01.676+01:00  INFO 31379 --- [library-management-system] [           main] o.s.o.j.p.SpringPersistenceUnitInfo      : No LoadTimeWeaver setup: ignoring JPA class transformer
2024-05-16T03:42:01.676+01:00  INFO 31379 --- [library-management-system] [           main] com.zaxxer.hikari.HikariDataSource       : HikariPool-45 - Starting...
2024-05-16T03:42:01.678+01:00  INFO 31379 --- [library-management-system] [           main] com.zaxxer.hikari.pool.HikariPool        : HikariPool-45 - Added connection com.mysql.cj.jdbc.ConnectionImpl@54d68ac8
2024-05-16T03:42:01.679+01:00  INFO 31379 --- [library-management-system] [           main] com.zaxxer.hikari.HikariDataSource       : HikariPool-45 - Start completed.
2024-05-16T03:42:01.679+01:00  WARN 31379 --- [library-management-system] [           main] org.hibernate.dialect.Dialect            : HHH000511: The 5.5.0 version for [org.hibernate.dialect.MySQLDialect] is no longer supported, hence certain features may not work properly. The minimum supported version is 8.0.0. Check the community dialects project for available legacy versions.
2024-05-16T03:42:01.680+01:00  WARN 31379 --- [library-management-system] [           main] org.hibernate.orm.deprecation            : HHH90000025: MySQLDialect does not need to be specified explicitly using 'hibernate.dialect' (remove the property setting and it will be selected by default)
2024-05-16T03:42:01.740+01:00  INFO 31379 --- [library-management-system] [           main] o.h.e.t.j.p.i.JtaPlatformInitiator       : HHH000489: No JTA platform available (set 'hibernate.transaction.jta.platform' to enable JTA platform integration)
2024-05-16T03:42:01.782+01:00  INFO 31379 --- [library-management-system] [           main] j.LocalContainerEntityManagerFactoryBean : Initialized JPA EntityManagerFactory for persistence unit 'default'
2024-05-16T03:42:02.244+01:00  WARN 31379 --- [library-management-system] [           main] JpaBaseConfiguration$JpaWebConfiguration : spring.jpa.open-in-view is enabled by default. Therefore, database queries may be performed during view rendering. Explicitly configure spring.jpa.open-in-view to disable this warning
2024-05-16T03:42:02.830+01:00  INFO 31379 --- [library-management-system] [           main] o.s.b.t.m.w.SpringBootMockServletContext : Initializing Spring TestDispatcherServlet ''
2024-05-16T03:42:02.830+01:00  INFO 31379 --- [library-management-system] [           main] o.s.t.web.servlet.TestDispatcherServlet  : Initializing Servlet ''
2024-05-16T03:42:02.832+01:00  INFO 31379 --- [library-management-system] [           main] o.s.t.web.servlet.TestDispatcherServlet  : Completed initialization in 2 ms
2024-05-16T03:42:02.845+01:00  INFO 31379 --- [library-management-system] [           main] c.l.m.c.PatronControllerIntegrationTests : Started PatronControllerIntegrationTests in 1.524 seconds (process running for 124.509)
Hibernate: select pe1_0.id,pe1_0.contact_information,pe1_0.name from patrons pe1_0
deleteAll service method executed. And returned: null
Execution time: 0ms
Hibernate: select bre1_0.id,bre1_0.book_id,bre1_0.borrowing_date,bre1_0.patron_id,bre1_0.return_date from borrowing_records bre1_0
Hibernate: select be1_0.id,be1_0.author,be1_0.borrowed,be1_0.isbn,be1_0.publication_year,be1_0.title from books be1_0 where be1_0.id=?
deleteAll service method executed. And returned: null
Execution time: 0ms
Hibernate: update borrowing_records set book_id=?,borrowing_date=?,patron_id=?,return_date=? where id=?
Hibernate: delete from patrons where id=?
Hibernate: delete from borrowing_records where id=?
Hibernate: select count(*) from patrons pe1_0 where pe1_0.id=?
isExists service method executed. And returned: false
Execution time: 0ms
deletePatron controller method executed!
Execution time: 0ms
2024-05-16T03:42:02.884+01:00  INFO 31379 --- [library-management-system] [           main] j.LocalContainerEntityManagerFactoryBean : Closing JPA EntityManagerFactory for persistence unit 'default'
2024-05-16T03:42:02.885+01:00  INFO 31379 --- [library-management-system] [           main] com.zaxxer.hikari.HikariDataSource       : HikariPool-45 - Shutdown initiated...
2024-05-16T03:42:02.886+01:00  INFO 31379 --- [library-management-system] [           main] com.zaxxer.hikari.HikariDataSource       : HikariPool-45 - Shutdown completed.
]]></system-out>
  </testcase>
</testsuite>